<?xml version="1.0" encoding="UTF-8"?>
<!-- Generated by org.testng.reporters.JUnitReportReporter -->
<testsuite hostname="LAPTOP-60BNE173" failures="0" tests="4" name="com.testscripts.YatraTestScript" time="10.979" errors="1" timestamp="25 Mar 2026 07:04:30 GMT" skipped="3">
  <testcase classname="com.testscripts.YatraTestScript" name="open" time="10.979">
    <error message="session not created: This version of ChromeDriver only supports Chrome version 114
Current browser version is 146.0.7680.154 with binary path C:\Program Files (x86)\Google\Chrome\Application\chrome.exe
Build info: version: &#039;3.13.0&#039;, revision: &#039;2f0d292&#039;, time: &#039;2018-06-25T15:24:21.231Z&#039;
System info: host: &#039;LAPTOP-60BNE173&#039;, ip: &#039;10.166.16.246&#039;, os.name: &#039;Windows 10&#039;, os.arch: &#039;amd64&#039;, os.version: &#039;10.0&#039;, java.version: &#039;14.0.2&#039;
Driver info: driver.version: ChromeDriver
remote stacktrace: Backtrace:
	GetHandleVerifier [0x00EFA813+48355]
	(No symbol) [0x00E8C4B1]
	(No symbol) [0x00D95358]
	(No symbol) [0x00DB61AC]
	(No symbol) [0x00DB1EF3]
	(No symbol) [0x00DB0579]
	(No symbol) [0x00DE0C55]
	(No symbol) [0x00DE093C]
	(No symbol) [0x00DDA536]
	(No symbol) [0x00DB82DC]
	(No symbol) [0x00DB93DD]
	GetHandleVerifier [0x0115AABD+2539405]
	GetHandleVerifier [0x0119A78F+2800735]
	GetHandleVerifier [0x0119456C+2775612]
	GetHandleVerifier [0x00F851E0+616112]
	(No symbol) [0x00E95F8C]
	(No symbol) [0x00E92328]
	(No symbol) [0x00E9240B]
	(No symbol) [0x00E84FF7]
	BaseThreadInitThunk [0x76975D49+25]
	RtlInitializeExceptionChain [0x7728D81B+107]
	RtlGetAppContainerNamedObjectPath [0x7728D7A1+561]
" type="org.openqa.selenium.SessionNotCreatedException">
      <![CDATA[org.openqa.selenium.SessionNotCreatedException: session not created: This version of ChromeDriver only supports Chrome version 114
Current browser version is 146.0.7680.154 with binary path C:\Program Files (x86)\Google\Chrome\Application\chrome.exe
Build info: version: '3.13.0', revision: '2f0d292', time: '2018-06-25T15:24:21.231Z'
System info: host: 'LAPTOP-60BNE173', ip: '10.166.16.246', os.name: 'Windows 10', os.arch: 'amd64', os.version: '10.0', java.version: '14.0.2'
Driver info: driver.version: ChromeDriver
remote stacktrace: Backtrace:
	GetHandleVerifier [0x00EFA813+48355]
	(No symbol) [0x00E8C4B1]
	(No symbol) [0x00D95358]
	(No symbol) [0x00DB61AC]
	(No symbol) [0x00DB1EF3]
	(No symbol) [0x00DB0579]
	(No symbol) [0x00DE0C55]
	(No symbol) [0x00DE093C]
	(No symbol) [0x00DDA536]
	(No symbol) [0x00DB82DC]
	(No symbol) [0x00DB93DD]
	GetHandleVerifier [0x0115AABD+2539405]
	GetHandleVerifier [0x0119A78F+2800735]
	GetHandleVerifier [0x0119456C+2775612]
	GetHandleVerifier [0x00F851E0+616112]
	(No symbol) [0x00E95F8C]
	(No symbol) [0x00E92328]
	(No symbol) [0x00E9240B]
	(No symbol) [0x00E84FF7]
	BaseThreadInitThunk [0x76975D49+25]
	RtlInitializeExceptionChain [0x7728D81B+107]
	RtlGetAppContainerNamedObjectPath [0x7728D7A1+561]

	at java.base/jdk.internal.reflect.NativeConstructorAccessorImpl.newInstance0(Native Method)
	at java.base/jdk.internal.reflect.NativeConstructorAccessorImpl.newInstance(NativeConstructorAccessorImpl.java:62)
	at java.base/jdk.internal.reflect.DelegatingConstructorAccessorImpl.newInstance(DelegatingConstructorAccessorImpl.java:45)
	at java.base/java.lang.reflect.Constructor.newInstanceWithCaller(Constructor.java:500)
	at java.base/java.lang.reflect.Constructor.newInstance(Constructor.java:481)
	at org.openqa.selenium.remote.W3CHandshakeResponse.lambda$new$0(W3CHandshakeResponse.java:57)
	at org.openqa.selenium.remote.W3CHandshakeResponse.lambda$getResponseFunction$2(W3CHandshakeResponse.java:104)
	at org.openqa.selenium.remote.ProtocolHandshake.lambda$createSession$0(ProtocolHandshake.java:123)
	at java.base/java.util.stream.ReferencePipeline$3$1.accept(ReferencePipeline.java:195)
	at java.base/java.util.Spliterators$ArraySpliterator.tryAdvance(Spliterators.java:958)
	at java.base/java.util.stream.ReferencePipeline.forEachWithCancel(ReferencePipeline.java:127)
	at java.base/java.util.stream.AbstractPipeline.copyIntoWithCancel(AbstractPipeline.java:502)
	at java.base/java.util.stream.AbstractPipeline.copyInto(AbstractPipeline.java:488)
	at java.base/java.util.stream.AbstractPipeline.wrapAndCopyInto(AbstractPipeline.java:474)
	at java.base/java.util.stream.FindOps$FindOp.evaluateSequential(FindOps.java:150)
	at java.base/java.util.stream.AbstractPipeline.evaluate(AbstractPipeline.java:234)
	at java.base/java.util.stream.ReferencePipeline.findFirst(ReferencePipeline.java:543)
	at org.openqa.selenium.remote.ProtocolHandshake.createSession(ProtocolHandshake.java:126)
	at org.openqa.selenium.remote.ProtocolHandshake.createSession(ProtocolHandshake.java:73)
	at org.openqa.selenium.remote.HttpCommandExecutor.execute(HttpCommandExecutor.java:136)
	at org.openqa.selenium.remote.service.DriverCommandExecutor.execute(DriverCommandExecutor.java:83)
	at org.openqa.selenium.remote.RemoteWebDriver.execute(RemoteWebDriver.java:548)
	at org.openqa.selenium.remote.RemoteWebDriver.startSession(RemoteWebDriver.java:212)
	at org.openqa.selenium.remote.RemoteWebDriver.<init>(RemoteWebDriver.java:130)
	at org.openqa.selenium.chrome.ChromeDriver.<init>(ChromeDriver.java:181)
	at org.openqa.selenium.chrome.ChromeDriver.<init>(ChromeDriver.java:168)
	at org.openqa.selenium.chrome.ChromeDriver.<init>(ChromeDriver.java:123)
	at com.utilities.BaseClass.launchBrowser(BaseClass.java:29)
	at com.testscripts.YatraTestScript.open(YatraTestScript.java:62)
	at java.base/jdk.internal.reflect.NativeMethodAccessorImpl.invoke0(Native Method)
	at java.base/jdk.internal.reflect.NativeMethodAccessorImpl.invoke(NativeMethodAccessorImpl.java:62)
	at java.base/jdk.internal.reflect.DelegatingMethodAccessorImpl.invoke(DelegatingMethodAccessorImpl.java:43)
	at java.base/java.lang.reflect.Method.invoke(Method.java:564)
	at org.testng.internal.MethodInvocationHelper.invokeMethod(MethodInvocationHelper.java:108)
	at org.testng.internal.Invoker.invokeConfigurationMethod(Invoker.java:523)
	at org.testng.internal.Invoker.invokeConfigurations(Invoker.java:224)
	at org.testng.internal.Invoker.invokeConfigurations(Invoker.java:146)
	at org.testng.SuiteRunner.privateRun(SuiteRunner.java:326)
	at org.testng.SuiteRunner.run(SuiteRunner.java:289)
	at org.testng.SuiteRunnerWorker.runSuite(SuiteRunnerWorker.java:52)
	at org.testng.SuiteRunnerWorker.run(SuiteRunnerWorker.java:86)
	at org.testng.TestNG.runSuitesSequentially(TestNG.java:1301)
	at org.testng.TestNG.runSuitesLocally(TestNG.java:1226)
	at org.testng.TestNG.runSuites(TestNG.java:1144)
	at org.testng.TestNG.run(TestNG.java:1115)
	at org.testng.remote.AbstractRemoteTestNG.run(AbstractRemoteTestNG.java:115)
	at org.testng.remote.RemoteTestNG.initAndRun(RemoteTestNG.java:251)
	at org.testng.remote.RemoteTestNG.main(RemoteTestNG.java:77)
]]>
    </error>
  </testcase> <!-- open -->
  <testcase classname="com.testscripts.YatraTestScript" name="flightJourneyDate" time="0.000">
    <skipped/>
  </testcase> <!-- flightJourneyDate -->
  <testcase classname="com.testscripts.YatraTestScript" name="travellerDetails">
    <skipped/>
  </testcase> <!-- travellerDetails -->
  <testcase classname="com.testscripts.YatraTestScript" name="flightList">
    <skipped/>
  </testcase> <!-- flightList -->
</testsuite> <!-- com.testscripts.YatraTestScript -->
